<?xml version="1.0" encoding="UTF-8"?>
<!-- Generated by org.testng.reporters.JUnitXMLReporter -->
<testsuite ignored="0" hostname="Breadfasts-MacBook-Pro-4.local" failures="0" tests="1" name="SimpleTest" time="0.138" errors="0" timestamp="2025-09-07T11:59:58 EEST">
  <testcase classname="SimpleSeleniumTest" name="@BeforeTest setUp" time="0.119">
    <failure type="org.openqa.selenium.SessionNotCreatedException" message="Could not start a new session. Possible causes are invalid address of the remote server or browser start-up failure. 
Host info: host: &amp;apos;Breadfasts-MacBook-Pro-4.local&amp;apos;, ip: &amp;apos;fe80:0:0:0:1c1a:a3a9:21c:8f7%en0&amp;apos;
Build info: version: &amp;apos;4.35.0&amp;apos;, revision: &amp;apos;1c58e5028b&amp;apos;
System info: os.name: &amp;apos;Mac OS X&amp;apos;, os.arch: &amp;apos;aarch64&amp;apos;, os.version: &amp;apos;15.6.1&amp;apos;, java.version: &amp;apos;24.0.2&amp;apos;
Driver info: org.openqa.selenium.remote.RemoteWebDriver
Command: [null, newSession {capabilities=[Capabilities {acceptInsecureCerts: true, browserName: Chrome, browserVersion: latest, goog:chromeOptions: {args: [--ignore-certificate-errors, --disable-gpu, --window-size=1920,1080], extensions: []}, name: Sample Test, os: Windows, osVersion: 11}]}]
Capabilities {acceptInsecureCerts: true, browserName: Chrome, browserVersion: latest, goog:chromeOptions: {args: [--ignore-certificate-errors, --disable-gpu, --window-size=1920,1080], extensions: []}, name: Sample Test, os: Windows, osVersion: 11}">
      <![CDATA[org.openqa.selenium.SessionNotCreatedException: Could not start a new session. Possible causes are invalid address of the remote server or browser start-up failure. 
Host info: host: 'Breadfasts-MacBook-Pro-4.local', ip: 'fe80:0:0:0:1c1a:a3a9:21c:8f7%en0'
Build info: version: '4.35.0', revision: '1c58e5028b'
System info: os.name: 'Mac OS X', os.arch: 'aarch64', os.version: '15.6.1', java.version: '24.0.2'
Driver info: org.openqa.selenium.remote.RemoteWebDriver
Command: [null, newSession {capabilities=[Capabilities {acceptInsecureCerts: true, browserName: Chrome, browserVersion: latest, goog:chromeOptions: {args: [--ignore-certificate-errors, --disable-gpu, --window-size=1920,1080], extensions: []}, name: Sample Test, os: Windows, osVersion: 11}]}]
Capabilities {acceptInsecureCerts: true, browserName: Chrome, browserVersion: latest, goog:chromeOptions: {args: [--ignore-certificate-errors, --disable-gpu, --window-size=1920,1080], extensions: []}, name: Sample Test, os: Windows, osVersion: 11}
at org.openqa.selenium.remote.RemoteWebDriver.execute(RemoteWebDriver.java:575)
at org.openqa.selenium.remote.RemoteWebDriver.startSession(RemoteWebDriver.java:246)
at org.openqa.selenium.remote.RemoteWebDriver.<init>(RemoteWebDriver.java:174)
at org.openqa.selenium.remote.RemoteWebDriver.<init>(RemoteWebDriver.java:152)
at BaseTests.initializeDriver(BaseTests.java:39)
at SimpleSeleniumTest.setUp(SimpleSeleniumTest.java:16)
Caused by: java.lang.IllegalArgumentException: Illegal key values seen in w3c capabilities: [name, os, osVersion]
at org.openqa.selenium.remote.NewSessionPayload.lambda$validate$5(NewSessionPayload.java:163)
at java.base/java.util.stream.ReferencePipeline$15$1.accept(ReferencePipeline.java:580)
at java.base/java.util.stream.ReferencePipeline$15$1.accept(ReferencePipeline.java:581)
at java.base/java.util.stream.ReferencePipeline$3$1.accept(ReferencePipeline.java:215)
at java.base/java.util.stream.ReferencePipeline$15$1.accept(ReferencePipeline.java:581)
at java.base/java.util.ArrayList$ArrayListSpliterator.forEachRemaining(ArrayList.java:1716)
at java.base/java.util.stream.AbstractPipeline.copyInto(AbstractPipeline.java:570)
at java.base/java.util.stream.AbstractPipeline.wrapAndCopyInto(AbstractPipeline.java:560)
at java.base/java.util.stream.ForEachOps$ForEachOp.evaluateSequential(ForEachOps.java:153)
at java.base/java.util.stream.ForEachOps$ForEachOp$OfRef.evaluateSequential(ForEachOps.java:176)
at java.base/java.util.stream.AbstractPipeline.evaluate(AbstractPipeline.java:265)
at java.base/java.util.stream.ReferencePipeline.forEach(ReferencePipeline.java:636)
at org.openqa.selenium.remote.NewSessionPayload.validate(NewSessionPayload.java:167)
at org.openqa.selenium.remote.NewSessionPayload.<init>(NewSessionPayload.java:70)
at org.openqa.selenium.remote.NewSessionPayload.create(NewSessionPayload.java:99)
at org.openqa.selenium.remote.NewSessionPayload.create(NewSessionPayload.java:84)
at org.openqa.selenium.remote.ProtocolHandshake.createSession(ProtocolHandshake.java:60)
at org.openqa.selenium.remote.HttpCommandExecutor.execute(HttpCommandExecutor.java:187)
at org.openqa.selenium.remote.TracedCommandExecutor.execute(TracedCommandExecutor.java:53)
at org.openqa.selenium.remote.RemoteWebDriver.execute(RemoteWebDriver.java:557)
... 31 more
... Removed 26 stack frames]]>
    </failure>
  </testcase> <!-- @BeforeTest setUp -->
  <testcase classname="SimpleSeleniumTest" name="@AfterTest teardown" time="0.0">
    <skipped/>
  </testcase> <!-- @AfterTest teardown -->
  <testcase classname="SimpleSeleniumTest" name="testCases" time="0.0">
    <skipped/>
  </testcase> <!-- testCases -->
</testsuite> <!-- SimpleTest -->
